<?xml version="1.0" encoding="UTF-8" ?>
<testsuite errors="0" failures="0" hostname="info-307-20x.iut.bx1" name="biosphere7.JoueurBiosphere7Test" skipped="0" tests="7" time="0.13" timestamp="2019-11-27T18:20:12">
  <properties>
[...]
</properties>
  <testcase classname="biosphere7.JoueurBiosphere7Test" name="testEtouffe" time="0.004" />
  <testcase classname="biosphere7.JoueurBiosphere7Test" name="testSymbiose" time="0.0" />
  <testcase classname="biosphere7.JoueurBiosphere7Test" name="testArbresVoisins" time="0.001" />
  <testcase classname="biosphere7.JoueurBiosphere7Test" name="testAjoutActionCouper" time="0.001" />
  <testcase classname="biosphere7.JoueurBiosphere7Test" name="testAjoutActionPommier" time="0.0" />
  <testcase classname="biosphere7.JoueurBiosphere7Test" name="testActionsPossibles" time="0.06" />
  <testcase classname="biosphere7.JoueurBiosphere7Test" name="testRegardeSiArbre" time="0.0" />
  <system-out><![CDATA[actionsPossibles : lancement le 27/11/2019 19:20:12.499
actionsPossibles : fin
actionsPossibles : lancement le 27/11/2019 19:20:12.539
actionsPossibles : fin
actionsPossibles : lancement le 27/11/2019 19:20:12.543
actionsPossibles : fin
actionsPossibles : lancement le 27/11/2019 19:20:12.547
actionsPossibles : fin
actionsPossibles : lancement le 27/11/2019 19:20:12.550
actionsPossibles : fin
actionsPossibles : lancement le 27/11/2019 19:20:12.551
actionsPossibles : fin
[PaA,21,12, SaA,21,12, BaA,21,12, DaA,21,12, TaA,21,12, HaA,21,12, PaB,21,12, SaB,21,12, BaB,21,12, DaB,21,12, TaB,21,12, HaB,21,12, PaC,21,12, SaC,21,12, BaC,21,12, DaC,21,12, TaC,21,12, HaC,21,12, PaD,21,12, SaD,21,12, BaD,21,12, DaD,21,12, TaD,21,12, HaD,21,12, PaE,21,12, SaE,21,12, BaE,21,12, DaE,21,12, TaE,21,12, HaE,21,12, PaF,21,12, SaF,21,12, BaF,21,12, DaF,21,12, TaF,21,12, HaF,21,12, PaG,21,12, SaG,21,12, BaG,21,12, DaG,21,12, TaG,21,12, HaG,21,12, PaH,21,12, SaH,21,12, BaH,21,12, DaH,21,12, TaH,21,12, HaH,21,12, PaI,21,12, SaI,21,12, BaI,21,12, DaI,21,12, TaI,21,12, HaI,21,12, PaJ,21,12, SaJ,21,12, BaJ,21,12, DaJ,21,12, TaJ,21,12, HaJ,21,12, PaK,21,12, SaK,21,12, BaK,21,12, DaK,21,12, TaK,21,12, HaK,21,12, PaL,21,12, SaL,21,12, BaL,21,12, DaL,21,12, TaL,21,12, HaL,21,12, PaN,21,12, SaN,21,12, BaN,21,12, DaN,21,12, TaN,21,12, HaN,21,12, PbA,21,12, SbA,21,12, BbA,21,12, DbA,21,12, TbA,21,12, HbA,21,12, PbB,21,12, SbB,21,12, BbB,21,12, DbB,21,12, TbB,21,12, HbB,21,12, PbC,21,12, SbC,21,12, BbC,21,12, DbC,21,12, TbC,21,12, HbC,21,12, PbD,21,12, SbD,21,12, BbD,21,12, DbD,21,12, TbD,21,12, HbD,21,12, PbE,21,12, SbE,21,12, BbE,21,12, DbE,21,12, TbE,21,12, HbE,21,12, PbF,21,12, SbF,21,12, BbF,21,12, DbF,21,12, TbF,21,12, HbF,21,12, PbG,21,12, SbG,21,12, BbG,21,12, DbG,21,12, TbG,21,12, HbG,21,12, PbH,21,12, SbH,21,12, BbH,21,12, DbH,21,12, TbH,21,12, HbH,21,12, PbI,21,12, SbI,21,12, BbI,21,12, DbI,21,12, TbI,21,12, HbI,21,12, PbJ,21,12, SbJ,21,12, BbJ,21,12, DbJ,21,12, TbJ,21,12, HbJ,21,12, PbK,21,12, SbK,21,12, BbK,21,12, DbK,21,12, TbK,21,12, HbK,21,12, PbL,21,12, SbL,21,12, BbL,21,12, DbL,21,12, TbL,21,12, HbL,21,12, PbM,21,12, SbM,21,12, BbM,21,12, DbM,21,12, TbM,21,12, HbM,21,12, PbN,21,12, SbN,21,12, BbN,21,12, DbN,21,12, TbN,21,12, HbN,21,12, PcA,21,12, ScA,21,12, BcA,21,12, DcA,21,12, TcA,21,12, HcA,21,12, PcB,21,12, ScB,21,12, BcB,21,12, DcB,21,12, TcB,21,12, HcB,21,12, PcC,21,12, ScC,21,12, BcC,21,12, DcC,21,12, TcC,21,12, HcC,21,12, PcD,21,12, ScD,21,12, BcD,21,12, DcD,21,12, TcD,21,12, HcD,21,12, PcE,21,12, ScE,21,12, BcE,21,12, DcE,21,12, TcE,21,12, HcE,21,12, PcF,21,12, ScF,21,12, BcF,21,12, DcF,21,12, TcF,21,12, HcF,21,12, PcG,21,12, ScG,21,12, BcG,21,12, DcG,21,12, TcG,21,12, HcG,21,12, PcH,21,12, ScH,21,12, BcH,21,12, DcH,21,12, TcH,21,12, HcH,21,12, PcJ,21,12, ScJ,21,12, BcJ,21,12, DcJ,21,12, TcJ,21,12, HcJ,21,12, PcK,21,12, ScK,21,12, BcK,21,12, DcK,21,12, TcK,21,12, HcK,21,12, PcL,21,12, ScL,21,12, BcL,21,12, DcL,21,12, TcL,21,12, HcL,21,12, PcM,21,12, ScM,21,12, BcM,21,12, DcM,21,12, TcM,21,12, HcM,21,12, PcN,21,12, ScN,21,12, BcN,21,12, DcN,21,12, TcN,21,12, HcN,21,12, PdA,21,12, SdA,21,12, BdA,21,12, DdA,21,12, TdA,21,12, HdA,21,12, PdB,21,12, SdB,21,12, BdB,21,12, DdB,21,12, TdB,21,12, HdB,21,12, PdC,21,12, SdC,21,12, BdC,21,12, DdC,21,12, TdC,21,12, HdC,21,12, PdD,21,12, SdD,21,12, BdD,21,12, DdD,21,12, TdD,21,12, HdD,21,12, PdE,21,12, SdE,21,12, BdE,21,12, DdE,21,12, TdE,21,12, HdE,21,12, PdF,21,12, SdF,21,12, BdF,21,12, DdF,21,12, TdF,21,12, HdF,21,12, PdG,21,12, SdG,21,12, BdG,21,12, DdG,21,12, TdG,21,12, HdG,21,12, PdK,21,12, SdK,21,12, BdK,21,12, DdK,21,12, TdK,21,12, HdK,21,12, PdL,21,12, SdL,21,12, BdL,21,12, DdL,21,12, TdL,21,12, HdL,21,12, PdM,21,12, SdM,21,12, BdM,21,12, DdM,21,12, TdM,21,12, HdM,21,12, PdN,21,12, SdN,21,12, BdN,21,12, DdN,21,12, TdN,21,12, HdN,21,12, PeB,21,12, SeB,21,12, BeB,21,12, DeB,21,12, TeB,21,12, HeB,21,12, PeC,21,12, SeC,21,12, BeC,21,12, DeC,21,12, TeC,21,12, HeC,21,12, PeD,21,12, SeD,21,12, BeD,21,12, DeD,21,12, TeD,21,12, HeD,21,12, PeE,21,12, SeE,21,12, BeE,21,12, DeE,21,12, TeE,21,12, HeE,21,12, PeF,21,12, SeF,21,12, BeF,21,12, DeF,21,12, TeF,21,12, HeF,21,12, PeG,22,12, SeG,22,12, BeG,22,12, DeG,22,12, TeG,22,12, HeG,22,12, PeI,23,12, SeI,23,12, BeI,23,12, DeI,23,12, TeI,23,12, HeI,23,12, PeJ,21,12, SeJ,21,12, BeJ,21,12, DeJ,21,12, TeJ,21,12, HeJ,21,12, PeK,21,12, SeK,21,12, BeK,21,12, DeK,21,12, TeK,21,12, HeK,21,12, PeL,21,12, SeL,21,12, BeL,21,12, DeL,21,12, TeL,21,12, HeL,21,12, PeM,21,12, SeM,21,12, BeM,21,12, DeM,21,12, TeM,21,12, HeM,21,12, PeN,21,12, SeN,21,12, BeN,21,12, DeN,21,12, TeN,21,12, HeN,21,12, PfA,21,12, SfA,21,12, BfA,21,12, DfA,21,12, TfA,21,12, HfA,21,12, PfC,21,12, SfC,21,12, BfC,21,12, DfC,21,12, TfC,21,12, HfC,21,12, PfD,21,12, SfD,21,12, BfD,21,12, DfD,21,12, TfD,21,12, HfD,21,12, PfE,21,12, SfE,21,12, BfE,21,12, DfE,21,12, TfE,21,12, HfE,21,12, PfF,21,12, SfF,21,12, BfF,21,12, DfF,21,12, TfF,21,12, HfF,21,12, PfG,21,12, SfG,21,12, BfG,21,12, DfG,21,12, TfG,21,12, HfG,21,12, PfH,23,12, SfH,23,12, BfH,23,12, DfH,23,12, TfH,23,12, HfH,23,12, PfJ,22,12, SfJ,22,12, BfJ,22,12, DfJ,22,12, TfJ,22,12, HfJ,22,12, PfK,21,12, SfK,21,12, BfK,21,12, DfK,21,12, TfK,21,12, HfK,21,12, PfL,21,12, SfL,21,12, BfL,21,12, DfL,21,12, TfL,21,12, HfL,21,12, PfM,21,12, SfM,21,12, BfM,21,12, DfM,21,12, TfM,21,12, HfM,21,12, PfN,21,12, SfN,21,12, BfN,21,12, DfN,21,12, TfN,21,12, HfN,21,12, PgA,21,12, SgA,21,12, BgA,21,12, DgA,21,12, TgA,21,12, HgA,21,12, PgB,21,12, SgB,21,12, BgB,21,12, DgB,21,12, TgB,21,12, HgB,21,12, PgC,21,12, SgC,21,12, BgC,21,12, DgC,21,12, TgC,21,12, HgC,21,12, PgD,21,12, SgD,21,12, BgD,21,12, DgD,21,12, TgD,21,12, HgD,21,12, PgE,21,12, SgE,21,12, BgE,21,12, DgE,21,12, TgE,21,12, HgE,21,12, PgF,21,12, SgF,21,12, BgF,21,12, DgF,21,12, TgF,21,12, HgF,21,12, PgG,21,12, SgG,21,12, BgG,21,12, DgG,21,12, TgG,21,12, HgG,21,12, PgH,21,12, SgH,21,12, BgH,21,12, DgH,21,12, TgH,21,12, HgH,21,12, PgI,22,12, SgI,22,12, BgI,22,12, DgI,22,12, TgI,22,12, HgI,22,12, PgJ,21,12, SgJ,21,12, BgJ,21,12, DgJ,21,12, TgJ,21,12, HgJ,21,12, PgK,21,12, SgK,21,12, BgK,21,12, DgK,21,12, TgK,21,12, HgK,21,12, PgL,21,12, SgL,21,12, BgL,21,12, DgL,21,12, TgL,21,12, HgL,21,12, PgM,21,12, SgM,21,12, BgM,21,12, DgM,21,12, TgM,21,12, HgM,21,12, PgN,21,12, SgN,21,12, BgN,21,12, DgN,21,12, TgN,21,12, HgN,21,12, PhA,21,12, ShA,21,12, BhA,21,12, DhA,21,12, ThA,21,12, HhA,21,12, PhB,21,12, ShB,21,12, BhB,21,12, DhB,21,12, ThB,21,12, HhB,21,12, PhC,21,12, ShC,21,12, BhC,21,12, DhC,21,12, ThC,21,12, HhC,21,12, PhD,21,12, ShD,21,12, BhD,21,12, DhD,21,12, ThD,21,12, HhD,21,12, PhE,21,12, ShE,21,12, BhE,21,12, DhE,21,12, ThE,21,12, HhE,21,12, PhF,21,12, ShF,21,12, BhF,21,12, DhF,21,12, ThF,21,12, HhF,21,12, PhG,21,12, ShG,21,12, BhG,21,12, DhG,21,12, ThG,21,12, HhG,21,12, PhH,21,12, ShH,21,12, BhH,21,12, DhH,21,12, ThH,21,12, HhH,21,12, PhI,21,12, ShI,21,12, BhI,21,12, DhI,21,12, ThI,21,12, HhI,21,12, PhJ,21,12, ShJ,21,12, BhJ,21,12, DhJ,21,12, ThJ,21,12, HhJ,21,12, PhK,21,12, ShK,21,12, BhK,21,12, DhK,21,12, ThK,21,12, HhK,21,12, PhL,21,12, ShL,21,12, BhL,21,12, DhL,21,12, ThL,21,12, HhL,21,12, PhM,21,12, ShM,21,12, BhM,21,12, DhM,21,12, ThM,21,12, HhM,21,12, PhN,21,12, ShN,21,12, BhN,21,12, DhN,21,12, ThN,21,12, HhN,21,12, PiA,21,12, SiA,21,12, BiA,21,12, DiA,21,12, TiA,21,12, HiA,21,12, PiB,21,12, SiB,21,12, BiB,21,12, DiB,21,12, TiB,21,12, HiB,21,12, PiC,21,12, SiC,21,12, BiC,21,12, DiC,21,12, TiC,21,12, HiC,21,12, PiD,21,12, SiD,21,12, BiD,21,12, DiD,21,12, TiD,21,12, HiD,21,12, PiE,21,12, SiE,21,12, BiE,21,12, DiE,21,12, TiE,21,12, HiE,21,12, PiF,21,12, SiF,21,12, BiF,21,12, DiF,21,12, TiF,21,12, HiF,21,12, PiG,21,12, SiG,21,12, BiG,21,12, DiG,21,12, TiG,21,12, HiG,21,12, PiH,21,12, SiH,21,12, BiH,21,12, DiH,21,12, TiH,21,12, HiH,21,12, PiI,21,12, SiI,21,12, BiI,21,12, DiI,21,12, TiI,21,12, HiI,21,12, PiJ,21,12, SiJ,21,12, BiJ,21,12, DiJ,21,12, TiJ,21,12, HiJ,21,12, PiL,21,12, SiL,21,12, BiL,21,12, DiL,21,12, TiL,21,12, HiL,21,12, PiM,21,12, SiM,21,12, BiM,21,12, DiM,21,12, TiM,21,12, HiM,21,12, PiN,21,12, SiN,21,12, BiN,21,12, DiN,21,12, TiN,21,12, HiN,21,12, PjA,21,12, SjA,21,12, BjA,21,12, DjA,21,12, TjA,21,12, HjA,21,12, PjB,21,12, SjB,21,12, BjB,21,12, DjB,21,12, TjB,21,12, HjB,21,12, PjC,21,12, SjC,21,12, BjC,21,12, DjC,21,12, TjC,21,12, HjC,21,12, PjD,21,12, SjD,21,12, BjD,21,12, DjD,21,12, TjD,21,12, HjD,21,12, PjE,22,12, SjE,22,12, BjE,22,12, DjE,22,12, TjE,22,12, HjE,22,12, PjF,21,12, SjF,21,12, BjF,21,12, DjF,21,12, TjF,21,12, HjF,21,12, PjG,21,12, SjG,21,12, BjG,21,12, DjG,21,12, TjG,21,12, HjG,21,12, PjH,21,12, SjH,21,12, BjH,21,12, DjH,21,12, TjH,21,12, HjH,21,12, PjI,21,12, SjI,21,12, BjI,21,12, DjI,21,12, TjI,21,12, HjI,21,12, PjM,21,12, SjM,21,12, BjM,21,12, DjM,21,12, TjM,21,12, HjM,21,12, PjN,21,12, SjN,21,12, BjN,21,12, DjN,21,12, TjN,21,12, HjN,21,12, PkA,21,12, SkA,21,12, BkA,21,12, DkA,21,12, TkA,21,12, HkA,21,12, PkB,21,12, SkB,21,12, BkB,21,12, DkB,21,12, TkB,21,12, HkB,21,12, PkC,21,12, SkC,21,12, BkC,21,12, DkC,21,12, TkC,21,12, HkC,21,12, PkD,23,12, SkD,23,12, BkD,23,12, DkD,23,12, TkD,23,12, HkD,23,12, PkF,23,12, SkF,23,12, BkF,23,12, DkF,23,12, TkF,23,12, HkF,23,12, PkG,21,12, SkG,21,12, BkG,21,12, DkG,21,12, TkG,21,12, HkG,21,12, PkH,21,12, SkH,21,12, BkH,21,12, DkH,21,12, TkH,21,12, HkH,21,12, PkI,21,12, SkI,21,12, BkI,21,12, DkI,21,12, TkI,21,12, HkI,21,12, PkJ,21,12, SkJ,21,12, BkJ,21,12, DkJ,21,12, TkJ,21,12, HkJ,21,12, PkL,21,12, SkL,21,12, BkL,21,12, DkL,21,12, TkL,21,12, HkL,21,12, PkM,21,12, SkM,21,12, BkM,21,12, DkM,21,12, TkM,21,12, HkM,21,12, PkN,21,12, SkN,21,12, BkN,21,12, DkN,21,12, TkN,21,12, HkN,21,12, PlA,21,12, SlA,21,12, BlA,21,12, DlA,21,12, TlA,21,12, HlA,21,12, PlB,21,12, SlB,21,12, BlB,21,12, DlB,21,12, TlB,21,12, HlB,21,12, PlC,23,12, SlC,23,12, BlC,23,12, DlC,23,12, TlC,23,12, HlC,23,12, PlG,23,12, SlG,23,12, BlG,23,12, DlG,23,12, TlG,23,12, HlG,23,12, PlH,21,12, SlH,21,12, BlH,21,12, DlH,21,12, TlH,21,12, HlH,21,12, PlI,21,12, SlI,21,12, BlI,21,12, DlI,21,12, TlI,21,12, HlI,21,12, PlJ,21,12, SlJ,21,12, BlJ,21,12, DlJ,21,12, TlJ,21,12, HlJ,21,12, PlK,21,12, SlK,21,12, BlK,21,12, DlK,21,12, TlK,21,12, HlK,21,12, PlL,21,12, SlL,21,12, BlL,21,12, DlL,21,12, TlL,21,12, HlL,21,12, PlM,21,12, SlM,21,12, BlM,21,12, DlM,21,12, TlM,21,12, HlM,21,12, PlN,21,12, SlN,21,12, BlN,21,12, DlN,21,12, TlN,21,12, HlN,21,12, PmA,21,12, SmA,21,12, BmA,21,12, DmA,21,12, TmA,21,12, HmA,21,12, PmB,22,12, SmB,22,12, BmB,22,12, DmB,22,12, TmB,22,12, HmB,22,12, PmE,13,10, SmE,13,10, BmE,13,10, DmE,13,10, TmE,13,10, HmE,13,10, PmH,22,12, SmH,22,12, BmH,22,12, DmH,22,12, TmH,22,12, HmH,22,12, PmI,21,12, SmI,21,12, BmI,21,12, DmI,21,12, TmI,21,12, HmI,21,12, PmJ,21,12, SmJ,21,12, BmJ,21,12, DmJ,21,12, TmJ,21,12, HmJ,21,12, PmK,21,12, SmK,21,12, BmK,21,12, DmK,21,12, TmK,21,12, HmK,21,12, PmL,21,12, SmL,21,12, BmL,21,12, DmL,21,12, TmL,21,12, HmL,21,12, PmM,21,12, SmM,21,12, BmM,21,12, DmM,21,12, TmM,21,12, HmM,21,12, PmN,21,12, SmN,21,12, BmN,21,12, DmN,21,12, TmN,21,12, HmN,21,12, PnA,21,12, SnA,21,12, BnA,21,12, DnA,21,12, TnA,21,12, HnA,21,12, PnB,21,12, SnB,21,12, BnB,21,12, DnB,21,12, TnB,21,12, HnB,21,12, PnC,23,12, SnC,23,12, BnC,23,12, DnC,23,12, TnC,23,12, HnC,23,12, PnE,23,12, SnE,23,12, BnE,23,12, DnE,23,12, TnE,23,12, HnE,23,12, PnG,23,12, SnG,23,12, BnG,23,12, DnG,23,12, TnG,23,12, HnG,23,12, PnH,21,12, SnH,21,12, BnH,21,12, DnH,21,12, TnH,21,12, HnH,21,12, PnI,21,12, SnI,21,12, BnI,21,12, DnI,21,12, TnI,21,12, HnI,21,12, PnJ,21,12, SnJ,21,12, BnJ,21,12, DnJ,21,12, TnJ,21,12, HnJ,21,12, PnK,21,12, SnK,21,12, BnK,21,12, DnK,21,12, TnK,21,12, HnK,21,12, PnL,21,12, SnL,21,12, BnL,21,12, DnL,21,12, TnL,21,12, HnL,21,12, PnM,21,12, SnM,21,12, BnM,21,12, DnM,21,12, TnM,21,12, HnM,21,12, PnN,21,12, SnN,21,12, BnN,21,12, DnN,21,12, TnN,21,12, HnN,21,12, CaM,20,11, FaM,20,13, CcI,21,11, FcI,20,13, CdH,22,11, FdH,20,13, CdI,19,15, FdI,21,12, CdJ,21,11, FdJ,20,13, CeA,20,11, FeA,20,13, CeH,19,13, FeH,21,12, CfB,20,11, FfB,20,13, CfI,19,12, FfI,21,12, CiK,20,11, FiK,20,13, CjJ,20,11, FjJ,20,13, CjL,20,11, FjL,20,13, CkE,20,12, FkE,21,12, CkK,20,11, FkK,20,13, ClD,20,13, FlD,21,12, ClE,22,12, FlE,21,12, ClF,20,12, FlF,21,12, CmC,19,13, FmC,21,12, CmD,23,10, FmD,20,13, CmF,14,12, FmF,21,12, CmG,19,12, FmG,21,12, CnD,19,13, FnD,21,12, CnF,19,12, FnF,21,12]
actionsPossibles : lancement le 27/11/2019 19:20:12.556
actionsPossibles : fin
[PaA,21,12, SaA,21,12, BaA,21,12, DaA,21,12, TaA,21,12, HaA,21,12, PaB,21,12, SaB,21,12, BaB,21,12, DaB,21,12, TaB,21,12, HaB,21,12, PaC,21,12, SaC,21,12, BaC,21,12, DaC,21,12, TaC,21,12, HaC,21,12, PaD,21,12, SaD,21,12, BaD,21,12, DaD,21,12, TaD,21,12, HaD,21,12, PaE,21,12, SaE,21,12, BaE,21,12, DaE,21,12, TaE,21,12, HaE,21,12, PaF,21,12, SaF,21,12, BaF,21,12, DaF,21,12, TaF,21,12, HaF,21,12, PaG,21,12, SaG,21,12, BaG,21,12, DaG,21,12, TaG,21,12, HaG,21,12, PaH,21,12, SaH,21,12, BaH,21,12, DaH,21,12, TaH,21,12, HaH,21,12, PaI,21,12, SaI,21,12, BaI,21,12, DaI,21,12, TaI,21,12, HaI,21,12, PaJ,21,12, SaJ,21,12, BaJ,21,12, DaJ,21,12, TaJ,21,12, HaJ,21,12, PaK,21,12, SaK,21,12, BaK,21,12, DaK,21,12, TaK,21,12, HaK,21,12, PaL,21,12, SaL,21,12, BaL,21,12, DaL,21,12, TaL,21,12, HaL,21,12, PaN,21,12, SaN,21,12, BaN,21,12, DaN,21,12, TaN,21,12, HaN,21,12, PbA,21,12, SbA,21,12, BbA,21,12, DbA,21,12, TbA,21,12, HbA,21,12, PbB,21,12, SbB,21,12, BbB,21,12, DbB,21,12, TbB,21,12, HbB,21,12, PbC,21,12, SbC,21,12, BbC,21,12, DbC,21,12, TbC,21,12, HbC,21,12, PbD,21,12, SbD,21,12, BbD,21,12, DbD,21,12, TbD,21,12, HbD,21,12, PbE,21,12, SbE,21,12, BbE,21,12, DbE,21,12, TbE,21,12, HbE,21,12, PbF,21,12, SbF,21,12, BbF,21,12, DbF,21,12, TbF,21,12, HbF,21,12, PbG,21,12, SbG,21,12, BbG,21,12, DbG,21,12, TbG,21,12, HbG,21,12, PbH,21,12, SbH,21,12, BbH,21,12, DbH,21,12, TbH,21,12, HbH,21,12, PbI,21,12, SbI,21,12, BbI,21,12, DbI,21,12, TbI,21,12, HbI,21,12, PbJ,21,12, SbJ,21,12, BbJ,21,12, DbJ,21,12, TbJ,21,12, HbJ,21,12, PbK,21,12, SbK,21,12, BbK,21,12, DbK,21,12, TbK,21,12, HbK,21,12, PbL,21,12, SbL,21,12, BbL,21,12, DbL,21,12, TbL,21,12, HbL,21,12, PbM,21,12, SbM,21,12, BbM,21,12, DbM,21,12, TbM,21,12, HbM,21,12, PbN,21,12, SbN,21,12, BbN,21,12, DbN,21,12, TbN,21,12, HbN,21,12, PcA,21,12, ScA,21,12, BcA,21,12, DcA,21,12, TcA,21,12, HcA,21,12, PcB,21,12, ScB,21,12, BcB,21,12, DcB,21,12, TcB,21,12, HcB,21,12, PcC,21,12, ScC,21,12, BcC,21,12, DcC,21,12, TcC,21,12, HcC,21,12, PcD,21,12, ScD,21,12, BcD,21,12, DcD,21,12, TcD,21,12, HcD,21,12, PcE,21,12, ScE,21,12, BcE,21,12, DcE,21,12, TcE,21,12, HcE,21,12, PcF,21,12, ScF,21,12, BcF,21,12, DcF,21,12, TcF,21,12, HcF,21,12, PcG,21,12, ScG,21,12, BcG,21,12, DcG,21,12, TcG,21,12, HcG,21,12, PcH,21,12, ScH,21,12, BcH,21,12, DcH,21,12, TcH,21,12, HcH,21,12, PcJ,21,12, ScJ,21,12, BcJ,21,12, DcJ,21,12, TcJ,21,12, HcJ,21,12, PcK,21,12, ScK,21,12, BcK,21,12, DcK,21,12, TcK,21,12, HcK,21,12, PcL,21,12, ScL,21,12, BcL,21,12, DcL,21,12, TcL,21,12, HcL,21,12, PcM,21,12, ScM,21,12, BcM,21,12, DcM,21,12, TcM,21,12, HcM,21,12, PcN,21,12, ScN,21,12, BcN,21,12, DcN,21,12, TcN,21,12, HcN,21,12, PdA,21,12, SdA,21,12, BdA,21,12, DdA,21,12, TdA,21,12, HdA,21,12, PdB,21,12, SdB,21,12, BdB,21,12, DdB,21,12, TdB,21,12, HdB,21,12, PdC,21,12, SdC,21,12, BdC,21,12, DdC,21,12, TdC,21,12, HdC,21,12, PdD,21,12, SdD,21,12, BdD,21,12, DdD,21,12, TdD,21,12, HdD,21,12, PdE,21,12, SdE,21,12, BdE,21,12, DdE,21,12, TdE,21,12, HdE,21,12, PdF,21,12, SdF,21,12, BdF,21,12, DdF,21,12, TdF,21,12, HdF,21,12, PdG,21,12, SdG,21,12, BdG,21,12, DdG,21,12, TdG,21,12, HdG,21,12, PdK,21,12, SdK,21,12, BdK,21,12, DdK,21,12, TdK,21,12, HdK,21,12, PdL,21,12, SdL,21,12, BdL,21,12, DdL,21,12, TdL,21,12, HdL,21,12, PdM,21,12, SdM,21,12, BdM,21,12, DdM,21,12, TdM,21,12, HdM,21,12, PdN,21,12, SdN,21,12, BdN,21,12, DdN,21,12, TdN,21,12, HdN,21,12, PeB,21,12, SeB,21,12, BeB,21,12, DeB,21,12, TeB,21,12, HeB,21,12, PeC,21,12, SeC,21,12, BeC,21,12, DeC,21,12, TeC,21,12, HeC,21,12, PeD,21,12, SeD,21,12, BeD,21,12, DeD,21,12, TeD,21,12, HeD,21,12, PeE,21,12, SeE,21,12, BeE,21,12, DeE,21,12, TeE,21,12, HeE,21,12, PeF,21,12, SeF,21,12, BeF,21,12, DeF,21,12, TeF,21,12, HeF,21,12, PeG,22,12, SeG,22,12, BeG,22,12, DeG,22,12, TeG,22,12, HeG,22,12, PeI,23,12, SeI,23,12, BeI,23,12, DeI,23,12, TeI,23,12, HeI,23,12, PeJ,21,12, SeJ,21,12, BeJ,21,12, DeJ,21,12, TeJ,21,12, HeJ,21,12, PeK,21,12, SeK,21,12, BeK,21,12, DeK,21,12, TeK,21,12, HeK,21,12, PeL,21,12, SeL,21,12, BeL,21,12, DeL,21,12, TeL,21,12, HeL,21,12, PeM,21,12, SeM,21,12, BeM,21,12, DeM,21,12, TeM,21,12, HeM,21,12, PeN,21,12, SeN,21,12, BeN,21,12, DeN,21,12, TeN,21,12, HeN,21,12, PfA,21,12, SfA,21,12, BfA,21,12, DfA,21,12, TfA,21,12, HfA,21,12, PfC,21,12, SfC,21,12, BfC,21,12, DfC,21,12, TfC,21,12, HfC,21,12, PfD,21,12, SfD,21,12, BfD,21,12, DfD,21,12, TfD,21,12, HfD,21,12, PfE,21,12, SfE,21,12, BfE,21,12, DfE,21,12, TfE,21,12, HfE,21,12, PfF,21,12, SfF,21,12, BfF,21,12, DfF,21,12, TfF,21,12, HfF,21,12, PfG,21,12, SfG,21,12, BfG,21,12, DfG,21,12, TfG,21,12, HfG,21,12, PfH,23,12, SfH,23,12, BfH,23,12, DfH,23,12, TfH,23,12, HfH,23,12, PfJ,22,12, SfJ,22,12, BfJ,22,12, DfJ,22,12, TfJ,22,12, HfJ,22,12, PfK,21,12, SfK,21,12, BfK,21,12, DfK,21,12, TfK,21,12, HfK,21,12, PfL,21,12, SfL,21,12, BfL,21,12, DfL,21,12, TfL,21,12, HfL,21,12, PfM,21,12, SfM,21,12, BfM,21,12, DfM,21,12, TfM,21,12, HfM,21,12, PfN,21,12, SfN,21,12, BfN,21,12, DfN,21,12, TfN,21,12, HfN,21,12, PgA,21,12, SgA,21,12, BgA,21,12, DgA,21,12, TgA,21,12, HgA,21,12, PgB,21,12, SgB,21,12, BgB,21,12, DgB,21,12, TgB,21,12, HgB,21,12, PgC,21,12, SgC,21,12, BgC,21,12, DgC,21,12, TgC,21,12, HgC,21,12, PgD,21,12, SgD,21,12, BgD,21,12, DgD,21,12, TgD,21,12, HgD,21,12, PgE,21,12, SgE,21,12, BgE,21,12, DgE,21,12, TgE,21,12, HgE,21,12, PgF,21,12, SgF,21,12, BgF,21,12, DgF,21,12, TgF,21,12, HgF,21,12, PgG,21,12, SgG,21,12, BgG,21,12, DgG,21,12, TgG,21,12, HgG,21,12, PgH,21,12, SgH,21,12, BgH,21,12, DgH,21,12, TgH,21,12, HgH,21,12, PgI,22,12, SgI,22,12, BgI,22,12, DgI,22,12, TgI,22,12, HgI,22,12, PgJ,21,12, SgJ,21,12, BgJ,21,12, DgJ,21,12, TgJ,21,12, HgJ,21,12, PgK,21,12, SgK,21,12, BgK,21,12, DgK,21,12, TgK,21,12, HgK,21,12, PgL,21,12, SgL,21,12, BgL,21,12, DgL,21,12, TgL,21,12, HgL,21,12, PgM,21,12, SgM,21,12, BgM,21,12, DgM,21,12, TgM,21,12, HgM,21,12, PgN,21,12, SgN,21,12, BgN,21,12, DgN,21,12, TgN,21,12, HgN,21,12, PhA,21,12, ShA,21,12, BhA,21,12, DhA,21,12, ThA,21,12, HhA,21,12, PhB,21,12, ShB,21,12, BhB,21,12, DhB,21,12, ThB,21,12, HhB,21,12, PhC,21,12, ShC,21,12, BhC,21,12, DhC,21,12, ThC,21,12, HhC,21,12, PhD,21,12, ShD,21,12, BhD,21,12, DhD,21,12, ThD,21,12, HhD,21,12, PhE,21,12, ShE,21,12, BhE,21,12, DhE,21,12, ThE,21,12, HhE,21,12, PhF,21,12, ShF,21,12, BhF,21,12, DhF,21,12, ThF,21,12, HhF,21,12, PhG,21,12, ShG,21,12, BhG,21,12, DhG,21,12, ThG,21,12, HhG,21,12, PhH,21,12, ShH,21,12, BhH,21,12, DhH,21,12, ThH,21,12, HhH,21,12, PhI,21,12, ShI,21,12, BhI,21,12, DhI,21,12, ThI,21,12, HhI,21,12, PhJ,21,12, ShJ,21,12, BhJ,21,12, DhJ,21,12, ThJ,21,12, HhJ,21,12, PhK,21,12, ShK,21,12, BhK,21,12, DhK,21,12, ThK,21,12, HhK,21,12, PhL,21,12, ShL,21,12, BhL,21,12, DhL,21,12, ThL,21,12, HhL,21,12, PhM,21,12, ShM,21,12, BhM,21,12, DhM,21,12, ThM,21,12, HhM,21,12, PhN,21,12, ShN,21,12, BhN,21,12, DhN,21,12, ThN,21,12, HhN,21,12, PiA,21,12, SiA,21,12, BiA,21,12, DiA,21,12, TiA,21,12, HiA,21,12, PiB,21,12, SiB,21,12, BiB,21,12, DiB,21,12, TiB,21,12, HiB,21,12, PiC,21,12, SiC,21,12, BiC,21,12, DiC,21,12, TiC,21,12, HiC,21,12, PiD,21,12, SiD,21,12, BiD,21,12, DiD,21,12, TiD,21,12, HiD,21,12, PiE,21,12, SiE,21,12, BiE,21,12, DiE,21,12, TiE,21,12, HiE,21,12, PiF,21,12, SiF,21,12, BiF,21,12, DiF,21,12, TiF,21,12, HiF,21,12, PiG,21,12, SiG,21,12, BiG,21,12, DiG,21,12, TiG,21,12, HiG,21,12, PiH,21,12, SiH,21,12, BiH,21,12, DiH,21,12, TiH,21,12, HiH,21,12, PiI,21,12, SiI,21,12, BiI,21,12, DiI,21,12, TiI,21,12, HiI,21,12, PiJ,21,12, SiJ,21,12, BiJ,21,12, DiJ,21,12, TiJ,21,12, HiJ,21,12, PiL,21,12, SiL,21,12, BiL,21,12, DiL,21,12, TiL,21,12, HiL,21,12, PiM,21,12, SiM,21,12, BiM,21,12, DiM,21,12, TiM,21,12, HiM,21,12, PiN,21,12, SiN,21,12, BiN,21,12, DiN,21,12, TiN,21,12, HiN,21,12, PjA,21,12, SjA,21,12, BjA,21,12, DjA,21,12, TjA,21,12, HjA,21,12, PjB,21,12, SjB,21,12, BjB,21,12, DjB,21,12, TjB,21,12, HjB,21,12, PjC,21,12, SjC,21,12, BjC,21,12, DjC,21,12, TjC,21,12, HjC,21,12, PjD,21,12, SjD,21,12, BjD,21,12, DjD,21,12, TjD,21,12, HjD,21,12, PjE,22,12, SjE,22,12, BjE,22,12, DjE,22,12, TjE,22,12, HjE,22,12, PjF,21,12, SjF,21,12, BjF,21,12, DjF,21,12, TjF,21,12, HjF,21,12, PjG,21,12, SjG,21,12, BjG,21,12, DjG,21,12, TjG,21,12, HjG,21,12, PjH,21,12, SjH,21,12, BjH,21,12, DjH,21,12, TjH,21,12, HjH,21,12, PjI,21,12, SjI,21,12, BjI,21,12, DjI,21,12, TjI,21,12, HjI,21,12, PjM,21,12, SjM,21,12, BjM,21,12, DjM,21,12, TjM,21,12, HjM,21,12, PjN,21,12, SjN,21,12, BjN,21,12, DjN,21,12, TjN,21,12, HjN,21,12, PkA,21,12, SkA,21,12, BkA,21,12, DkA,21,12, TkA,21,12, HkA,21,12, PkB,21,12, SkB,21,12, BkB,21,12, DkB,21,12, TkB,21,12, HkB,21,12, PkC,21,12, SkC,21,12, BkC,21,12, DkC,21,12, TkC,21,12, HkC,21,12, PkD,23,12, SkD,23,12, BkD,23,12, DkD,23,12, TkD,23,12, HkD,23,12, PkF,23,12, SkF,23,12, BkF,23,12, DkF,23,12, TkF,23,12, HkF,23,12, PkG,21,12, SkG,21,12, BkG,21,12, DkG,21,12, TkG,21,12, HkG,21,12, PkH,21,12, SkH,21,12, BkH,21,12, DkH,21,12, TkH,21,12, HkH,21,12, PkI,21,12, SkI,21,12, BkI,21,12, DkI,21,12, TkI,21,12, HkI,21,12, PkJ,21,12, SkJ,21,12, BkJ,21,12, DkJ,21,12, TkJ,21,12, HkJ,21,12, PkL,21,12, SkL,21,12, BkL,21,12, DkL,21,12, TkL,21,12, HkL,21,12, PkM,21,12, SkM,21,12, BkM,21,12, DkM,21,12, TkM,21,12, HkM,21,12, PkN,21,12, SkN,21,12, BkN,21,12, DkN,21,12, TkN,21,12, HkN,21,12, PlA,21,12, SlA,21,12, BlA,21,12, DlA,21,12, TlA,21,12, HlA,21,12, PlB,21,12, SlB,21,12, BlB,21,12, DlB,21,12, TlB,21,12, HlB,21,12, PlC,23,12, SlC,23,12, BlC,23,12, DlC,23,12, TlC,23,12, HlC,23,12, PlG,23,12, SlG,23,12, BlG,23,12, DlG,23,12, TlG,23,12, HlG,23,12, PlH,21,12, SlH,21,12, BlH,21,12, DlH,21,12, TlH,21,12, HlH,21,12, PlI,21,12, SlI,21,12, BlI,21,12, DlI,21,12, TlI,21,12, HlI,21,12, PlJ,21,12, SlJ,21,12, BlJ,21,12, DlJ,21,12, TlJ,21,12, HlJ,21,12, PlK,21,12, SlK,21,12, BlK,21,12, DlK,21,12, TlK,21,12, HlK,21,12, PlL,21,12, SlL,21,12, BlL,21,12, DlL,21,12, TlL,21,12, HlL,21,12, PlM,21,12, SlM,21,12, BlM,21,12, DlM,21,12, TlM,21,12, HlM,21,12, PlN,21,12, SlN,21,12, BlN,21,12, DlN,21,12, TlN,21,12, HlN,21,12, PmA,21,12, SmA,21,12, BmA,21,12, DmA,21,12, TmA,21,12, HmA,21,12, PmB,22,12, SmB,22,12, BmB,22,12, DmB,22,12, TmB,22,12, HmB,22,12, PmE,13,10, SmE,13,10, BmE,13,10, DmE,13,10, TmE,13,10, HmE,13,10, PmH,22,12, SmH,22,12, BmH,22,12, DmH,22,12, TmH,22,12, HmH,22,12, PmI,21,12, SmI,21,12, BmI,21,12, DmI,21,12, TmI,21,12, HmI,21,12, PmJ,21,12, SmJ,21,12, BmJ,21,12, DmJ,21,12, TmJ,21,12, HmJ,21,12, PmK,21,12, SmK,21,12, BmK,21,12, DmK,21,12, TmK,21,12, HmK,21,12, PmL,21,12, SmL,21,12, BmL,21,12, DmL,21,12, TmL,21,12, HmL,21,12, PmM,21,12, SmM,21,12, BmM,21,12, DmM,21,12, TmM,21,12, HmM,21,12, PmN,21,12, SmN,21,12, BmN,21,12, DmN,21,12, TmN,21,12, HmN,21,12, PnA,21,12, SnA,21,12, BnA,21,12, DnA,21,12, TnA,21,12, HnA,21,12, PnB,21,12, SnB,21,12, BnB,21,12, DnB,21,12, TnB,21,12, HnB,21,12, PnC,23,12, SnC,23,12, BnC,23,12, DnC,23,12, TnC,23,12, HnC,23,12, PnE,23,12, SnE,23,12, BnE,23,12, DnE,23,12, TnE,23,12, HnE,23,12, PnG,23,12, SnG,23,12, BnG,23,12, DnG,23,12, TnG,23,12, HnG,23,12, PnH,21,12, SnH,21,12, BnH,21,12, DnH,21,12, TnH,21,12, HnH,21,12, PnI,21,12, SnI,21,12, BnI,21,12, DnI,21,12, TnI,21,12, HnI,21,12, PnJ,21,12, SnJ,21,12, BnJ,21,12, DnJ,21,12, TnJ,21,12, HnJ,21,12, PnK,21,12, SnK,21,12, BnK,21,12, DnK,21,12, TnK,21,12, HnK,21,12, PnL,21,12, SnL,21,12, BnL,21,12, DnL,21,12, TnL,21,12, HnL,21,12, PnM,21,12, SnM,21,12, BnM,21,12, DnM,21,12, TnM,21,12, HnM,21,12, PnN,21,12, SnN,21,12, BnN,21,12, DnN,21,12, TnN,21,12, HnN,21,12, CaM,20,11, FaM,20,13, CcI,21,11, FcI,20,12, CdH,22,11, FdH,20,15, CdI,19,15, FdI,21,12, CdJ,21,11, FdJ,20,13, CeA,20,11, FeA,20,15, CeH,19,13, FeH,21,12, CfB,20,11, FfB,20,13, CfI,19,12, FfI,21,12, CiK,20,11, FiK,20,13, CjJ,20,11, FjJ,20,13, CjL,20,11, FjL,20,13, CkE,20,12, FkE,21,12, CkK,20,11, FkK,20,13, ClD,20,13, FlD,21,12, ClE,22,12, FlE,21,12, ClF,20,12, FlF,21,12, CmC,19,13, FmC,21,12, CmD,23,10, FmD,20,13, CmF,14,12, FmF,21,12, CmG,19,12, FmG,21,12, CnD,19,13, FnD,21,12, CnF,19,12, FnF,21,12]
]]></system-out>
  <system-err><![CDATA[]]></system-err>
</testsuite>
