<?xml version="1.0" encoding="UTF-8" ?>
<testsuite errors="0" failures="1" hostname="MSI" name="biosphere7.JoueurBiosphere7Test" skipped="0" tests="3" time="0.339" timestamp="2019-12-01T16:27:57">
  <properties>
[...]
</properties>
  <testcase classname="biosphere7.JoueurBiosphere7Test" name="testAjoutAction" time="0.0" />
  <testcase classname="biosphere7.JoueurBiosphere7Test" name="testAjoutActionCouper" time="0.0" />
  <testcase classname="biosphere7.JoueurBiosphere7Test" name="testActionsPossibles" time="0.254">
    <failure type="junit.framework.AssertionFailedError">junit.framework.AssertionFailedError
	at biosphere7.JoueurBiosphere7Test.testActionsPossibles(JoueurBiosphere7Test.java:195)
	at java.base/jdk.internal.reflect.NativeMethodAccessorImpl.invoke0(Native Method)
	at java.base/jdk.internal.reflect.NativeMethodAccessorImpl.invoke(NativeMethodAccessorImpl.java:62)
	at java.base/jdk.internal.reflect.DelegatingMethodAccessorImpl.invoke(DelegatingMethodAccessorImpl.java:43)
</failure>
  </testcase>
  <system-out><![CDATA[actionsPossibles : lancement le 01/12/2019 17:27:57.243
actionsPossibles : fin
actionsPossibles : lancement le 01/12/2019 17:27:57.259
actionsPossibles : fin
actionsPossibles : lancement le 01/12/2019 17:27:57.259
actionsPossibles : fin
actionsPossibles : lancement le 01/12/2019 17:27:57.274
actionsPossibles : fin
actionsPossibles : lancement le 01/12/2019 17:27:57.281
actionsPossibles : fin
actionsPossibles : lancement le 01/12/2019 17:27:57.281
actionsPossibles : fin
actionsPossibles : lancement le 01/12/2019 17:27:57.296
actionsPossibles : fin
actionsPossibles : lancement le 01/12/2019 17:27:57.296
actionsPossibles : fin
actionsPossibles : lancement le 01/12/2019 17:27:57.296
actionsPossibles : fin
actionsPossibles : lancement le 01/12/2019 17:27:57.296
actionsPossibles : fin
[PaA,24,27, SaA,24,27, BaA,24,27, DaA,24,27, TaA,24,27, HaA,24,27, PaB,24,27, SaB,24,27, BaB,24,27, DaB,24,27, TaB,24,27, HaB,24,27, PaC,24,27, SaC,24,27, BaC,24,27, DaC,24,27, TaC,24,27, HaC,24,27, IaD,25,27, CaD,24,26, FaD,23,30, PaE,24,27, SaE,24,27, BaE,24,27, DaE,24,27, TaE,24,27, HaE,24,27, PaF,24,27, SaF,24,27, BaF,24,27, DaF,24,27, TaF,24,27, HaF,24,27, PaG,24,27, SaG,24,27, BaG,24,27, DaG,24,27, TaG,24,27, HaG,24,27, PaH,24,27, SaH,24,27, BaH,24,27, DaH,24,27, TaH,24,27, HaH,24,27, PaI,24,27, SaI,24,27, BaI,24,27, DaI,24,27, TaI,24,27, HaI,24,27, PaJ,24,27, SaJ,24,27, BaJ,24,27, DaJ,24,27, TaJ,24,27, HaJ,24,27, PaK,24,27, SaK,24,27, BaK,24,27, DaK,24,27, TaK,24,27, HaK,24,27, PaL,24,27, SaL,24,27, BaL,24,27, DaL,24,27, TaL,24,27, HaL,24,27, PaM,24,27, SaM,24,27, BaM,24,27, DaM,24,27, TaM,24,27, HaM,24,27, PaN,24,27, SaN,24,27, BaN,24,27, DaN,24,27, TaN,24,27, HaN,24,27, PbA,25,27, SbA,25,27, BbA,25,27, DbA,25,27, TbA,25,27, HbA,25,27, PbB,24,27, SbB,24,27, BbB,24,27, DbB,24,27, TbB,24,27, HbB,24,27, PbC,25,27, SbC,25,27, BbC,25,27, DbC,25,27, TbC,25,27, HbC,25,27, IbD,25,27, CbD,22,28, FbD,26,27, RPbD,25,27, RSbD,25,27, RBbD,25,27, PbE,25,27, SbE,25,27, BbE,25,27, DbE,25,27, TbE,25,27, HbE,25,27, PbF,24,27, SbF,24,27, BbF,24,27, DbF,24,27, TbF,24,27, HbF,24,27, PbG,24,27, SbG,24,27, BbG,24,27, DbG,24,27, TbG,24,27, HbG,24,27, PbH,24,27, SbH,24,27, BbH,24,27, DbH,24,27, TbH,24,27, HbH,24,27, PbI,24,27, SbI,24,27, BbI,24,27, DbI,24,27, TbI,24,27, HbI,24,27, PbJ,24,27, SbJ,24,27, BbJ,24,27, DbJ,24,27, TbJ,24,27, HbJ,24,27, PbK,24,27, SbK,24,27, BbK,24,27, DbK,24,27, TbK,24,27, HbK,24,27, PbL,24,27, SbL,24,27, BbL,24,27, DbL,24,27, TbL,24,27, HbL,24,27, PbM,24,27, SbM,24,27, BbM,24,27, DbM,24,27, TbM,24,27, HbM,24,27, PbN,24,27, SbN,24,27, BbN,24,27, DbN,24,27, TbN,24,27, HbN,24,27, IcA,26,27, CcA,22,27, FcA,24,27, RBcA,25,27, RDcA,25,27, RTcA,25,27, RHcA,25,27, PcB,25,27, ScB,25,27, BcB,25,27, DcB,25,27, TcB,25,27, HcB,25,27, PcC,25,27, ScC,25,27, BcC,25,27, DcC,25,27, TcC,25,27, HcC,25,27, IcD,26,27, CcD,23,27, FcD,24,27, RBcD,26,27, RDcD,26,27, RTcD,26,27, RHcD,26,27, PcE,26,27, ScE,26,27, BcE,26,27, DcE,26,27, TcE,26,27, HcE,26,27, PcF,24,27, ScF,24,27, BcF,24,27, DcF,24,27, TcF,24,27, HcF,24,27, PcG,24,27, ScG,24,27, BcG,24,27, DcG,24,27, TcG,24,27, HcG,24,27, PcH,24,27, ScH,24,27, BcH,24,27, DcH,24,27, TcH,24,27, HcH,24,27, PcI,24,27, ScI,24,27, BcI,24,27, DcI,24,27, TcI,24,27, HcI,24,27, PcJ,24,27, ScJ,24,27, BcJ,24,27, DcJ,24,27, TcJ,24,27, HcJ,24,27, PcK,24,27, ScK,24,27, BcK,24,27, DcK,24,27, TcK,24,27, HcK,24,27, PcL,24,27, ScL,24,27, BcL,24,27, DcL,24,27, TcL,24,27, HcL,24,27, PcM,24,27, ScM,24,27, BcM,24,27, DcM,24,27, TcM,24,27, HcM,24,27, PcN,24,27, ScN,24,27, BcN,24,27, DcN,24,27, TcN,24,27, HcN,24,27, PdA,25,27, SdA,25,27, BdA,25,27, DdA,25,27, TdA,25,27, HdA,25,27, PdB,24,27, SdB,24,27, BdB,24,27, DdB,24,27, TdB,24,27, HdB,24,27, PdC,24,27, SdC,24,27, BdC,24,27, DdC,24,27, TdC,24,27, HdC,24,27, PdD,26,27, SdD,26,27, BdD,26,27, DdD,26,27, TdD,26,27, HdD,26,27, IdE,27,27, CdE,22,27, FdE,25,27, RPdE,25,27, RSdE,25,27, RDdE,25,27, RTdE,25,27, RHdE,25,27, PdF,25,27, SdF,25,27, BdF,25,27, DdF,25,27, TdF,25,27, HdF,25,27, PdG,24,27, SdG,24,27, BdG,24,27, DdG,24,27, TdG,24,27, HdG,24,27, PdH,24,27, SdH,24,27, BdH,24,27, DdH,24,27, TdH,24,27, HdH,24,27, PdI,24,27, SdI,24,27, BdI,24,27, DdI,24,27, TdI,24,27, HdI,24,27, PdJ,24,27, SdJ,24,27, BdJ,24,27, DdJ,24,27, TdJ,24,27, HdJ,24,27, PdK,24,27, SdK,24,27, BdK,24,27, DdK,24,27, TdK,24,27, HdK,24,27, PdL,24,27, SdL,24,27, BdL,24,27, DdL,24,27, TdL,24,27, HdL,24,27, PdM,24,27, SdM,24,27, BdM,24,27, DdM,24,27, TdM,24,27, HdM,24,27, PdN,24,27, SdN,24,27, BdN,24,27, DdN,24,27, TdN,24,27, HdN,24,27, PeA,24,27, SeA,24,27, BeA,24,27, DeA,24,27, TeA,24,27, HeA,24,27, PeB,24,27, SeB,24,27, BeB,24,27, DeB,24,27, TeB,24,27, HeB,24,27, PeC,24,27, SeC,24,27, BeC,24,27, DeC,24,27, TeC,24,27, HeC,24,27, PeD,25,27, SeD,25,27, BeD,25,27, DeD,25,27, TeD,25,27, HeD,25,27, PeE,25,27, SeE,25,27, BeE,25,27, DeE,25,27, TeE,25,27, HeE,25,27, PeF,24,27, SeF,24,27, BeF,24,27, DeF,24,27, TeF,24,27, HeF,24,27, PeG,24,27, SeG,24,27, BeG,24,27, DeG,24,27, TeG,24,27, HeG,24,27, PeH,24,27, SeH,24,27, BeH,24,27, DeH,24,27, TeH,24,27, HeH,24,27, PeI,24,27, SeI,24,27, BeI,24,27, DeI,24,27, TeI,24,27, HeI,24,27, PeJ,24,27, SeJ,24,27, BeJ,24,27, DeJ,24,27, TeJ,24,27, HeJ,24,27, PeK,24,27, SeK,24,27, BeK,24,27, DeK,24,27, TeK,24,27, HeK,24,27, PeL,24,27, SeL,24,27, BeL,24,27, DeL,24,27, TeL,24,27, HeL,24,27, PeM,24,27, SeM,24,27, BeM,24,27, DeM,24,27, TeM,24,27, HeM,24,27, PeN,24,27, SeN,24,27, BeN,24,27, DeN,24,27, TeN,24,27, HeN,24,27, PfA,24,27, SfA,24,27, BfA,24,27, DfA,24,27, TfA,24,27, HfA,24,27, PfB,24,27, SfB,24,27, BfB,24,27, DfB,24,27, TfB,24,27, HfB,24,27, PfC,25,27, SfC,25,27, BfC,25,27, DfC,25,27, TfC,25,27, HfC,25,27, IfD,25,27, CfD,21,29, FfD,24,27, RBfD,24,27, RDfD,24,27, RTfD,24,27, RHfD,24,27, CfE,24,26, FfE,23,30, PfF,24,27, SfF,24,27, BfF,24,27, DfF,24,27, TfF,24,27, HfF,24,27, PfG,24,27, SfG,24,27, BfG,24,27, DfG,24,27, TfG,24,27, HfG,24,27, PfH,24,27, SfH,24,27, BfH,24,27, DfH,24,27, TfH,24,27, HfH,24,27, PfI,24,27, SfI,24,27, BfI,24,27, DfI,24,27, TfI,24,27, HfI,24,27, PfJ,24,27, SfJ,24,27, BfJ,24,27, DfJ,24,27, TfJ,24,27, HfJ,24,27, PfK,25,27, SfK,25,27, BfK,25,27, DfK,25,27, TfK,25,27, HfK,25,27, PfL,24,27, SfL,24,27, BfL,24,27, DfL,24,27, TfL,24,27, HfL,24,27, PfM,24,27, SfM,24,27, BfM,24,27, DfM,24,27, TfM,24,27, HfM,24,27, PfN,24,27, SfN,24,27, BfN,24,27, DfN,24,27, TfN,24,27, HfN,24,27, PgA,24,27, SgA,24,27, BgA,24,27, DgA,24,27, TgA,24,27, HgA,24,27, PgB,24,27, SgB,24,27, BgB,24,27, DgB,24,27, TgB,24,27, HgB,24,27, PgC,24,27, SgC,24,27, BgC,24,27, DgC,24,27, TgC,24,27, HgC,24,27, IgD,26,27, CgD,24,19, FgD,23,28, PgE,24,27, SgE,24,27, BgE,24,27, DgE,24,27, TgE,24,27, HgE,24,27, PgF,24,27, SgF,24,27, BgF,24,27, DgF,24,27, TgF,24,27, HgF,24,27, PgG,25,27, SgG,25,27, BgG,25,27, DgG,25,27, TgG,25,27, HgG,25,27, PgH,24,27, SgH,24,27, BgH,24,27, DgH,24,27, TgH,24,27, HgH,24,27, IgI,27,27, CgI,23,26, FgI,23,28, PgJ,25,27, SgJ,25,27, BgJ,25,27, DgJ,25,27, TgJ,25,27, HgJ,25,27, IgK,26,27, CgK,22,28, FgK,26,27, RPgK,25,27, RSgK,25,27, RBgK,25,27, PgL,25,27, SgL,25,27, BgL,25,27, DgL,25,27, TgL,25,27, HgL,25,27, PgM,24,27, SgM,24,27, BgM,24,27, DgM,24,27, TgM,24,27, HgM,24,27, PgN,24,27, SgN,24,27, BgN,24,27, DgN,24,27, TgN,24,27, HgN,24,27, PhA,24,27, ShA,24,27, BhA,24,27, DhA,24,27, ThA,24,27, HhA,24,27, PhB,24,27, ShB,24,27, BhB,24,27, DhB,24,27, ThB,24,27, HhB,24,27, PhC,24,27, ShC,24,27, BhC,24,27, DhC,24,27, ThC,24,27, HhC,24,27, PhD,25,27, ShD,25,27, BhD,25,27, DhD,25,27, ThD,25,27, HhD,25,27, PhE,24,27, ShE,24,27, BhE,24,27, DhE,24,27, ThE,24,27, HhE,24,27, PhF,25,27, ShF,25,27, BhF,25,27, DhF,25,27, ThF,25,27, HhF,25,27, ChG,22,27, FhG,26,27, RPhG,25,27, RShG,25,27, RBhG,25,27, PhH,25,27, ShH,25,27, BhH,25,27, DhH,25,27, ThH,25,27, HhH,25,27, PhI,24,27, ShI,24,27, BhI,24,27, DhI,24,27, ThI,24,27, HhI,24,27, PhJ,24,27, ShJ,24,27, BhJ,24,27, DhJ,24,27, ThJ,24,27, HhJ,24,27, ChK,24,26, FhK,23,30, PhL,24,27, ShL,24,27, BhL,24,27, DhL,24,27, ThL,24,27, HhL,24,27, PhM,25,27, ShM,25,27, BhM,25,27, DhM,25,27, ThM,25,27, HhM,25,27, PhN,24,27, ShN,24,27, BhN,24,27, DhN,24,27, ThN,24,27, HhN,24,27, PiA,24,27, SiA,24,27, BiA,24,27, DiA,24,27, TiA,24,27, HiA,24,27, PiB,24,27, SiB,24,27, BiB,24,27, DiB,24,27, TiB,24,27, HiB,24,27, PiC,25,27, SiC,25,27, BiC,25,27, DiC,25,27, TiC,25,27, HiC,25,27, IiD,27,27, CiD,18,27, FiD,24,27, RBiD,21,27, RDiD,21,27, RTiD,21,27, RHiD,21,27, PiE,25,27, SiE,25,27, BiE,25,27, DiE,25,27, TiE,25,27, HiE,25,27, PiF,24,27, SiF,24,27, BiF,24,27, DiF,24,27, TiF,24,27, HiF,24,27, PiG,25,27, SiG,25,27, BiG,25,27, DiG,25,27, TiG,25,27, HiG,25,27, PiH,24,27, SiH,24,27, BiH,24,27, DiH,24,27, TiH,24,27, HiH,24,27, PiI,24,27, SiI,24,27, BiI,24,27, DiI,24,27, TiI,24,27, HiI,24,27, PiJ,24,27, SiJ,24,27, BiJ,24,27, DiJ,24,27, TiJ,24,27, HiJ,24,27, PiK,24,27, SiK,24,27, BiK,24,27, DiK,24,27, TiK,24,27, HiK,24,27, PiL,25,27, SiL,25,27, BiL,25,27, DiL,25,27, TiL,25,27, HiL,25,27, IiM,27,27, CiM,22,27, FiM,25,27, RPiM,25,27, RSiM,25,27, RDiM,25,27, RTiM,25,27, RHiM,25,27, PiN,25,27, SiN,25,27, BiN,25,27, DiN,25,27, TiN,25,27, HiN,25,27, PjA,24,27, SjA,24,27, BjA,24,27, DjA,24,27, TjA,24,27, HjA,24,27, PjB,24,27, SjB,24,27, BjB,24,27, DjB,24,27, TjB,24,27, HjB,24,27, CjC,23,26, FjC,23,30, PjD,25,27, SjD,25,27, BjD,25,27, DjD,25,27, TjD,25,27, HjD,25,27, PjE,24,27, SjE,24,27, BjE,24,27, DjE,24,27, TjE,24,27, HjE,24,27, PjF,24,27, SjF,24,27, BjF,24,27, DjF,24,27, TjF,24,27, HjF,24,27, PjG,24,27, SjG,24,27, BjG,24,27, DjG,24,27, TjG,24,27, HjG,24,27, PjH,24,27, SjH,24,27, BjH,24,27, DjH,24,27, TjH,24,27, HjH,24,27, IjI,26,27, CjI,24,23, FjI,23,29, PjJ,24,27, SjJ,24,27, BjJ,24,27, DjJ,24,27, TjJ,24,27, HjJ,24,27, PjK,24,27, SjK,24,27, BjK,24,27, DjK,24,27, TjK,24,27, HjK,24,27, PjL,24,27, SjL,24,27, BjL,24,27, DjL,24,27, TjL,24,27, HjL,24,27, PjM,25,27, SjM,25,27, BjM,25,27, DjM,25,27, TjM,25,27, HjM,25,27, PjN,24,27, SjN,24,27, BjN,24,27, DjN,24,27, TjN,24,27, HjN,24,27, PkA,24,27, SkA,24,27, BkA,24,27, DkA,24,27, TkA,24,27, HkA,24,27, PkB,24,27, SkB,24,27, BkB,24,27, DkB,24,27, TkB,24,27, HkB,24,27, PkC,24,27, SkC,24,27, BkC,24,27, DkC,24,27, TkC,24,27, HkC,24,27, PkD,24,27, SkD,24,27, BkD,24,27, DkD,24,27, TkD,24,27, HkD,24,27, PkE,24,27, SkE,24,27, BkE,24,27, DkE,24,27, TkE,24,27, HkE,24,27, PkF,24,27, SkF,24,27, BkF,24,27, DkF,24,27, TkF,24,27, HkF,24,27, PkG,24,27, SkG,24,27, BkG,24,27, DkG,24,27, TkG,24,27, HkG,24,27, PkH,25,27, SkH,25,27, BkH,25,27, DkH,25,27, TkH,25,27, HkH,25,27, IkI,25,27, CkI,21,28, FkI,24,27, RBkI,24,27, RDkI,24,27, RTkI,24,27, RHkI,24,27, PkJ,25,27, SkJ,25,27, BkJ,25,27, DkJ,25,27, TkJ,25,27, HkJ,25,27, PkK,24,27, SkK,24,27, BkK,24,27, DkK,24,27, TkK,24,27, HkK,24,27, PkL,25,27, SkL,25,27, BkL,25,27, DkL,25,27, TkL,25,27, HkL,25,27, PkM,24,27, SkM,24,27, BkM,24,27, DkM,24,27, TkM,24,27, HkM,24,27, PkN,24,27, SkN,24,27, BkN,24,27, DkN,24,27, TkN,24,27, HkN,24,27, PlA,24,27, SlA,24,27, BlA,24,27, DlA,24,27, TlA,24,27, HlA,24,27, PlB,24,27, SlB,24,27, BlB,24,27, DlB,24,27, TlB,24,27, HlB,24,27, PlC,24,27, SlC,24,27, BlC,24,27, DlC,24,27, TlC,24,27, HlC,24,27, PlD,24,27, SlD,24,27, BlD,24,27, DlD,24,27, TlD,24,27, HlD,24,27, PlE,24,27, SlE,24,27, BlE,24,27, DlE,24,27, TlE,24,27, HlE,24,27, PlF,24,27, SlF,24,27, BlF,24,27, DlF,24,27, TlF,24,27, HlF,24,27, PlG,24,27, SlG,24,27, BlG,24,27, DlG,24,27, TlG,24,27, HlG,24,27, PlH,25,27, SlH,25,27, BlH,25,27, DlH,25,27, TlH,25,27, HlH,25,27, IlI,26,27, ClI,20,27, FlI,24,27, RBlI,23,27, RDlI,23,27, RTlI,23,27, RHlI,23,27, PlJ,25,27, SlJ,25,27, BlJ,25,27, DlJ,25,27, TlJ,25,27, HlJ,25,27, PlK,25,27, SlK,25,27, BlK,25,27, DlK,25,27, TlK,25,27, HlK,25,27, IlL,27,27, ClL,22,27, FlL,24,27, RBlL,25,27, RDlL,25,27, RTlL,25,27, RHlL,25,27, PlM,25,27, SlM,25,27, BlM,25,27, DlM,25,27, TlM,25,27, HlM,25,27, PlN,24,27, SlN,24,27, BlN,24,27, DlN,24,27, TlN,24,27, HlN,24,27, PmA,24,27, SmA,24,27, BmA,24,27, DmA,24,27, TmA,24,27, HmA,24,27, PmB,24,27, SmB,24,27, BmB,24,27, DmB,24,27, TmB,24,27, HmB,24,27, PmC,24,27, SmC,24,27, BmC,24,27, DmC,24,27, TmC,24,27, HmC,24,27, PmD,24,27, SmD,24,27, BmD,24,27, DmD,24,27, TmD,24,27, HmD,24,27, PmE,24,27, SmE,24,27, BmE,24,27, DmE,24,27, TmE,24,27, HmE,24,27, PmF,24,27, SmF,24,27, BmF,24,27, DmF,24,27, TmF,24,27, HmF,24,27, PmG,24,27, SmG,24,27, BmG,24,27, DmG,24,27, TmG,24,27, HmG,24,27, PmH,24,27, SmH,24,27, BmH,24,27, DmH,24,27, TmH,24,27, HmH,24,27, PmI,25,27, SmI,25,27, BmI,25,27, DmI,25,27, TmI,25,27, HmI,25,27, PmJ,24,27, SmJ,24,27, BmJ,24,27, DmJ,24,27, TmJ,24,27, HmJ,24,27, PmK,24,27, SmK,24,27, BmK,24,27, DmK,24,27, TmK,24,27, HmK,24,27, PmL,25,27, SmL,25,27, BmL,25,27, DmL,25,27, TmL,25,27, HmL,25,27, PmM,24,27, SmM,24,27, BmM,24,27, DmM,24,27, TmM,24,27, HmM,24,27, PmN,24,27, SmN,24,27, BmN,24,27, DmN,24,27, TmN,24,27, HmN,24,27, PnA,24,27, SnA,24,27, BnA,24,27, DnA,24,27, TnA,24,27, HnA,24,27, PnB,24,27, SnB,24,27, BnB,24,27, DnB,24,27, TnB,24,27, HnB,24,27, PnC,24,27, SnC,24,27, BnC,24,27, DnC,24,27, TnC,24,27, HnC,24,27, PnD,24,27, SnD,24,27, BnD,24,27, DnD,24,27, TnD,24,27, HnD,24,27, PnE,24,27, SnE,24,27, BnE,24,27, DnE,24,27, TnE,24,27, HnE,24,27, CnF,23,26, FnF,23,30, PnG,24,27, SnG,24,27, BnG,24,27, DnG,24,27, TnG,24,27, HnG,24,27, PnH,24,27, SnH,24,27, BnH,24,27, DnH,24,27, TnH,24,27, HnH,24,27, InI,26,27, CnI,23,19, FnI,23,28, PnJ,24,27, SnJ,24,27, BnJ,24,27, DnJ,24,27, TnJ,24,27, HnJ,24,27, PnK,24,27, SnK,24,27, BnK,24,27, DnK,24,27, TnK,24,27, HnK,24,27, PnL,24,27, SnL,24,27, BnL,24,27, DnL,24,27, TnL,24,27, HnL,24,27, PnM,24,27, SnM,24,27, BnM,24,27, DnM,24,27, TnM,24,27, HnM,24,27, InN,25,27, CnN,23,26, FnN,23,30, O,16,22]
actionsPossibles : lancement le 01/12/2019 17:27:57.397
actionsPossibles : fin
[PaA,21,21, SaA,21,21, BaA,21,21, DaA,21,21, TaA,21,21, HaA,21,21, PaB,21,21, SaB,21,21, BaB,21,21, DaB,21,21, TaB,21,21, HaB,21,21, PaC,21,21, SaC,21,21, BaC,21,21, DaC,21,21, TaC,21,21, HaC,21,21, PaD,21,21, SaD,21,21, BaD,21,21, DaD,21,21, TaD,21,21, HaD,21,21, PaE,21,21, SaE,21,21, BaE,21,21, DaE,21,21, TaE,21,21, HaE,21,21, PaF,21,21, SaF,21,21, BaF,21,21, DaF,21,21, TaF,21,21, HaF,21,21, PaG,21,21, SaG,21,21, BaG,21,21, DaG,21,21, TaG,21,21, HaG,21,21, PaH,21,22, SaH,21,22, BaH,21,22, DaH,21,22, TaH,21,22, HaH,21,22, IaI,21,21, CaI,23,19, FaI,21,21, RBaI,21,22, RDaI,21,22, RTaI,21,22, RHaI,21,22, IaJ,21,21, CaJ,21,21, FaJ,22,20, PaK,21,21, SaK,21,21, BaK,21,21, DaK,21,21, TaK,21,21, HaK,21,21, PaL,21,21, SaL,21,21, BaL,21,21, DaL,21,21, TaL,21,21, HaL,21,21, PaM,21,21, SaM,21,21, BaM,21,21, DaM,21,21, TaM,21,21, HaM,21,21, PaN,21,21, SaN,21,21, BaN,21,21, DaN,21,21, TaN,21,21, HaN,21,21, PbA,21,21, SbA,21,21, BbA,21,21, DbA,21,21, TbA,21,21, HbA,21,21, PbB,21,21, SbB,21,21, BbB,21,21, DbB,21,21, TbB,21,21, HbB,21,21, PbC,21,21, SbC,21,21, BbC,21,21, DbC,21,21, TbC,21,21, HbC,21,21, PbD,21,21, SbD,21,21, BbD,21,21, DbD,21,21, TbD,21,21, HbD,21,21, PbE,21,21, SbE,21,21, BbE,21,21, DbE,21,21, TbE,21,21, HbE,21,21, PbF,21,22, SbF,21,22, BbF,21,22, DbF,21,22, TbF,21,22, HbF,21,22, PbG,21,21, SbG,21,21, BbG,21,21, DbG,21,21, TbG,21,21, HbG,21,21, PbH,21,21, SbH,21,21, BbH,21,21, DbH,21,21, TbH,21,21, HbH,21,21, IbI,21,22, CbI,21,21, FbI,22,20, IbJ,21,20, CbJ,23,21, FbJ,22,20, IbK,21,22, CbK,22,20, FbK,22,20, PbL,21,21, SbL,21,21, BbL,21,21, DbL,21,21, TbL,21,21, HbL,21,21, PbM,21,21, SbM,21,21, BbM,21,21, DbM,21,21, TbM,21,21, HbM,21,21, PbN,21,21, SbN,21,21, BbN,21,21, DbN,21,21, TbN,21,21, HbN,21,21, PcA,21,21, ScA,21,21, BcA,21,21, DcA,21,21, TcA,21,21, HcA,21,21, PcB,21,22, ScB,21,22, BcB,21,22, DcB,21,22, TcB,21,22, HcB,21,22, CcC,20,20, FcC,24,20, PcD,21,21, ScD,21,21, BcD,21,21, DcD,21,21, TcD,21,21, HcD,21,21, PcE,21,22, ScE,21,22, BcE,21,22, DcE,21,22, TcE,21,22, HcE,21,22, IcF,21,24, CcF,21,19, FcF,21,21, RBcF,21,22, RDcF,21,22, RTcF,21,22, RHcF,21,22, PcG,21,22, ScG,21,22, BcG,21,22, DcG,21,22, TcG,21,22, HcG,21,22, PcH,21,21, ScH,21,21, BcH,21,21, DcH,21,21, TcH,21,21, HcH,21,21, PcI,21,21, ScI,21,21, BcI,21,21, DcI,21,21, TcI,21,21, HcI,21,21, IcJ,21,21, CcJ,24,19, FcJ,21,21, RBcJ,21,22, RDcJ,21,22, RTcJ,21,22, RHcJ,21,22, CcK,21,21, FcK,24,20, PcL,21,21, ScL,21,21, BcL,21,21, DcL,21,21, TcL,21,21, HcL,21,21, PcM,21,21, ScM,21,21, BcM,21,21, DcM,21,21, TcM,21,21, HcM,21,21, PcN,21,21, ScN,21,21, BcN,21,21, DcN,21,21, TcN,21,21, HcN,21,21, PdA,21,22, SdA,21,22, BdA,21,22, DdA,21,22, TdA,21,22, HdA,21,22, CdB,21,19, FdB,21,23, RPdB,21,22, RSdB,21,22, RBdB,21,22, PdC,21,22, SdC,21,22, BdC,21,22, DdC,21,22, TdC,21,22, HdC,21,22, PdD,21,21, SdD,21,21, BdD,21,21, DdD,21,21, TdD,21,21, HdD,21,21, PdE,21,22, SdE,21,22, BdE,21,22, DdE,21,22, TdE,21,22, HdE,21,22, PdF,21,23, SdF,21,23, BdF,21,23, DdF,21,23, TdF,21,23, HdF,21,23, PdG,21,21, SdG,21,21, BdG,21,21, DdG,21,21, TdG,21,21, HdG,21,21, PdH,21,22, SdH,21,22, BdH,21,22, DdH,21,22, TdH,21,22, HdH,21,22, PdI,21,21, SdI,21,21, BdI,21,21, DdI,21,21, TdI,21,21, HdI,21,21, IdJ,21,23, CdJ,20,21, FdJ,23,20, PdK,21,21, SdK,21,21, BdK,21,21, DdK,21,21, TdK,21,21, HdK,21,21, PdL,21,22, SdL,21,22, BdL,21,22, DdL,21,22, TdL,21,22, HdL,21,22, PdM,21,22, SdM,21,22, BdM,21,22, DdM,21,22, TdM,21,22, HdM,21,22, CdN,20,20, FdN,24,20, PeA,21,21, SeA,21,21, BeA,21,21, DeA,21,21, TeA,21,21, HeA,21,21, PeB,21,23, SeB,21,23, BeB,21,23, DeB,21,23, TeB,21,23, HeB,21,23, CeC,20,20, FeC,24,20, PeD,21,23, SeD,21,23, BeD,21,23, DeD,21,23, TeD,21,23, HeD,21,23, IeE,21,22, CeE,21,20, FeE,21,21, RBeE,21,23, RDeE,21,23, RTeE,21,23, RHeE,21,23, CeF,21,20, FeF,21,23, RPeF,21,23, RSeF,21,23, RBeF,21,23, PeG,21,23, SeG,21,23, BeG,21,23, DeG,21,23, TeG,21,23, HeG,21,23, IeH,21,24, CeH,21,19, FeH,21,21, RBeH,21,22, RDeH,21,22, RTeH,21,22, RHeH,21,22, PeI,21,22, SeI,21,22, BeI,21,22, DeI,21,22, TeI,21,22, HeI,21,22, PeJ,21,21, SeJ,21,21, BeJ,21,21, DeJ,21,21, TeJ,21,21, HeJ,21,21, PeK,21,22, SeK,21,22, BeK,21,22, DeK,21,22, TeK,21,22, HeK,21,22, IeL,21,23, CeL,21,19, FeL,21,21, RBeL,21,22, RDeL,21,22, RTeL,21,22, RHeL,21,22, IeM,21,23, CeM,21,20, FeM,21,23, RPeM,21,23, RSeM,21,23, RBeM,21,23, PeN,21,22, SeN,21,22, BeN,21,22, DeN,21,22, TeN,21,22, HeN,21,22, PfA,21,22, SfA,21,22, BfA,21,22, DfA,21,22, TfA,21,22, HfA,21,22, IfB,21,24, CfB,21,19, FfB,21,22, RPfB,21,22, RSfB,21,22, RDfB,21,22, RTfB,21,22, RHfB,21,22, IfD,21,23, CfD,21,20, FfD,21,21, RBfD,21,23, RDfD,21,23, RTfD,21,23, RHfD,21,23, IfE,21,21, CfE,21,18, FfE,21,21, RBfE,21,22, RDfE,21,22, RTfE,21,22, RHfE,21,22, PfF,21,24, SfF,21,24, BfF,21,24, DfF,21,24, TfF,21,24, HfF,21,24, PfG,21,21, SfG,21,21, BfG,21,21, DfG,21,21, TfG,21,21, HfG,21,21, PfH,21,22, SfH,21,22, BfH,21,22, DfH,21,22, TfH,21,22, HfH,21,22, PfI,21,21, SfI,21,21, BfI,21,21, DfI,21,21, TfI,21,21, HfI,21,21, PfJ,21,21, SfJ,21,21, BfJ,21,21, DfJ,21,21, TfJ,21,21, HfJ,21,21, PfK,21,21, SfK,21,21, BfK,21,21, DfK,21,21, TfK,21,21, HfK,21,21, PfL,21,22, SfL,21,22, BfL,21,22, DfL,21,22, TfL,21,22, HfL,21,22, PfM,21,22, SfM,21,22, BfM,21,22, DfM,21,22, TfM,21,22, HfM,21,22, PfN,21,21, SfN,21,21, BfN,21,21, DfN,21,21, TfN,21,21, HfN,21,21, PgA,21,21, SgA,21,21, BgA,21,21, DgA,21,21, TgA,21,21, HgA,21,21, PgB,21,22, SgB,21,22, BgB,21,22, DgB,21,22, TgB,21,22, HgB,21,22, IgC,21,23, CgC,19,20, FgC,23,20, PgD,21,23, SgD,21,23, BgD,21,23, DgD,21,23, TgD,21,23, HgD,21,23, PgG,21,22, SgG,21,22, BgG,21,22, DgG,21,22, TgG,21,22, HgG,21,22, PgH,21,21, SgH,21,21, BgH,21,21, DgH,21,21, TgH,21,21, HgH,21,21, PgI,21,21, SgI,21,21, BgI,21,21, DgI,21,21, TgI,21,21, HgI,21,21, PgJ,21,21, SgJ,21,21, BgJ,21,21, DgJ,21,21, TgJ,21,21, HgJ,21,21, PgK,21,21, SgK,21,21, BgK,21,21, DgK,21,21, TgK,21,21, HgK,21,21, PgL,21,21, SgL,21,21, BgL,21,21, DgL,21,21, TgL,21,21, HgL,21,21, PgM,21,21, SgM,21,21, BgM,21,21, DgM,21,21, TgM,21,21, HgM,21,21, PgN,21,21, SgN,21,21, BgN,21,21, DgN,21,21, TgN,21,21, HgN,21,21, PhA,21,21, ShA,21,21, BhA,21,21, DhA,21,21, ThA,21,21, HhA,21,21, PhB,21,22, ShB,21,22, BhB,21,22, DhB,21,22, ThB,21,22, HhB,21,22, PhG,21,22, ShG,21,22, BhG,21,22, DhG,21,22, ThG,21,22, HhG,21,22, PhH,21,21, ShH,21,21, BhH,21,21, DhH,21,21, ThH,21,21, HhH,21,21, PhI,21,21, ShI,21,21, BhI,21,21, DhI,21,21, ThI,21,21, HhI,21,21, PhJ,21,21, ShJ,21,21, BhJ,21,21, DhJ,21,21, ThJ,21,21, HhJ,21,21, PhK,21,21, ShK,21,21, BhK,21,21, DhK,21,21, ThK,21,21, HhK,21,21, PhL,21,21, ShL,21,21, BhL,21,21, DhL,21,21, ThL,21,21, HhL,21,21, PhM,21,21, ShM,21,21, BhM,21,21, DhM,21,21, ThM,21,21, HhM,21,21, PhN,21,21, ShN,21,21, BhN,21,21, DhN,21,21, ThN,21,21, HhN,21,21, PiA,21,21, SiA,21,21, BiA,21,21, DiA,21,21, TiA,21,21, HiA,21,21, PiB,21,22, SiB,21,22, BiB,21,22, DiB,21,22, TiB,21,22, HiB,21,22, PiG,21,22, SiG,21,22, BiG,21,22, DiG,21,22, TiG,21,22, HiG,21,22, PiH,21,21, SiH,21,21, BiH,21,21, DiH,21,21, TiH,21,21, HiH,21,21, PiI,21,21, SiI,21,21, BiI,21,21, DiI,21,21, TiI,21,21, HiI,21,21, PiJ,21,21, SiJ,21,21, BiJ,21,21, DiJ,21,21, TiJ,21,21, HiJ,21,21, PiK,21,21, SiK,21,21, BiK,21,21, DiK,21,21, TiK,21,21, HiK,21,21, PiL,21,22, SiL,21,22, BiL,21,22, DiL,21,22, TiL,21,22, HiL,21,22, PiM,21,21, SiM,21,21, BiM,21,21, DiM,21,21, TiM,21,21, HiM,21,21, PiN,21,21, SiN,21,21, BiN,21,21, DiN,21,21, TiN,21,21, HiN,21,21, PjA,21,22, SjA,21,22, BjA,21,22, DjA,21,22, TjA,21,22, HjA,21,22, PjF,21,22, SjF,21,22, BjF,21,22, DjF,21,22, TjF,21,22, HjF,21,22, CjG,20,20, FjG,24,20, PjH,21,21, SjH,21,21, BjH,21,21, DjH,21,21, TjH,21,21, HjH,21,21, PjI,21,21, SjI,21,21, BjI,21,21, DjI,21,21, TjI,21,21, HjI,21,21, PjJ,21,21, SjJ,21,21, BjJ,21,21, DjJ,21,21, TjJ,21,21, HjJ,21,21, PjK,21,22, SjK,21,22, BjK,21,22, DjK,21,22, TjK,21,22, HjK,21,22, IjL,21,23, CjL,22,19, FjL,21,23, RPjL,21,22, RSjL,21,22, RBjL,21,22, PjM,21,22, SjM,21,22, BjM,21,22, DjM,21,22, TjM,21,22, HjM,21,22, PjN,21,21, SjN,21,21, BjN,21,21, DjN,21,21, TjN,21,21, HjN,21,21, PkF,21,22, SkF,21,22, BkF,21,22, DkF,21,22, TkF,21,22, HkF,21,22, PkG,21,21, SkG,21,21, BkG,21,21, DkG,21,21, TkG,21,21, HkG,21,21, PkH,21,21, SkH,21,21, BkH,21,21, DkH,21,21, TkH,21,21, HkH,21,21, PkI,21,21, SkI,21,21, BkI,21,21, DkI,21,21, TkI,21,21, HkI,21,21, PkJ,21,21, SkJ,21,21, BkJ,21,21, DkJ,21,21, TkJ,21,21, HkJ,21,21, PkK,21,21, SkK,21,21, BkK,21,21, DkK,21,21, TkK,21,21, HkK,21,21, CkL,20,21, FkL,24,20, PkM,21,21, SkM,21,21, BkM,21,21, DkM,21,21, TkM,21,21, HkM,21,21, PkN,21,22, SkN,21,22, BkN,21,22, DkN,21,22, TkN,21,22, HkN,21,22, PlF,21,22, SlF,21,22, BlF,21,22, DlF,21,22, TlF,21,22, HlF,21,22, ClG,20,21, FlG,24,20, PlH,21,21, SlH,21,21, BlH,21,21, DlH,21,21, TlH,21,21, HlH,21,21, PlI,21,21, SlI,21,21, BlI,21,21, DlI,21,21, TlI,21,21, HlI,21,21, PlJ,21,21, SlJ,21,21, BlJ,21,21, DlJ,21,21, TlJ,21,21, HlJ,21,21, PlK,21,21, SlK,21,21, BlK,21,21, DlK,21,21, TlK,21,21, HlK,21,21, IlL,21,22, ClL,21,20, FlL,22,20, PlM,21,22, SlM,21,22, BlM,21,22, DlM,21,22, TlM,21,22, HlM,21,22, IlN,21,23, ClN,21,19, FlN,21,23, RPlN,21,22, RSlN,21,22, RBlN,21,22, PmA,21,22, SmA,21,22, BmA,21,22, DmA,21,22, TmA,21,22, HmA,21,22, PmB,21,22, SmB,21,22, BmB,21,22, DmB,21,22, TmB,21,22, HmB,21,22, PmC,21,22, SmC,21,22, BmC,21,22, DmC,21,22, TmC,21,22, HmC,21,22, PmF,21,23, SmF,21,23, BmF,21,23, DmF,21,23, TmF,21,23, HmF,21,23, ImG,21,23, CmG,22,19, FmG,21,21, RBmG,21,22, RDmG,21,22, RTmG,21,22, RHmG,21,22, PmH,21,22, SmH,21,22, BmH,21,22, DmH,21,22, TmH,21,22, HmH,21,22, PmI,21,21, SmI,21,21, BmI,21,21, DmI,21,21, TmI,21,21, HmI,21,21, PmJ,21,21, SmJ,21,21, BmJ,21,21, DmJ,21,21, TmJ,21,21, HmJ,21,21, PmK,21,21, SmK,21,21, BmK,21,21, DmK,21,21, TmK,21,21, HmK,21,21, ImL,21,23, CmL,19,20, FmL,23,20, PmM,21,21, SmM,21,21, BmM,21,21, DmM,21,21, TmM,21,21, HmM,21,21, PmN,21,22, SmN,21,22, BmN,21,22, DmN,21,22, TmN,21,22, HmN,21,22, PnA,21,21, SnA,21,21, BnA,21,21, DnA,21,21, TnA,21,21, HnA,21,21, PnB,21,21, SnB,21,21, BnB,21,21, DnB,21,21, TnB,21,21, HnB,21,21, PnC,21,21, SnC,21,21, BnC,21,21, DnC,21,21, TnC,21,21, HnC,21,21, PnD,21,22, SnD,21,22, BnD,21,22, DnD,21,22, TnD,21,22, HnD,21,22, PnE,21,22, SnE,21,22, BnE,21,22, DnE,21,22, TnE,21,22, HnE,21,22, PnF,21,21, SnF,21,21, BnF,21,21, DnF,21,21, TnF,21,21, HnF,21,21, PnG,21,22, SnG,21,22, BnG,21,22, DnG,21,22, TnG,21,22, HnG,21,22, InH,21,23, CnH,20,20, FnH,23,20, PnI,21,21, SnI,21,21, BnI,21,21, DnI,21,21, TnI,21,21, HnI,21,21, PnJ,21,21, SnJ,21,21, BnJ,21,21, DnJ,21,21, TnJ,21,21, HnJ,21,21, PnK,21,21, SnK,21,21, BnK,21,21, DnK,21,21, TnK,21,21, HnK,21,21, PnL,21,21, SnL,21,21, BnL,21,21, DnL,21,21, TnL,21,21, HnL,21,21, PnM,21,21, SnM,21,21, BnM,21,21, DnM,21,21, TnM,21,21, HnM,21,21, PnN,21,21, SnN,21,21, BnN,21,21, DnN,21,21, TnN,21,21, HnN,21,21, O,21,19]
]]></system-out>
  <system-err><![CDATA[]]></system-err>
</testsuite>
